Analysis & Synthesis report for FPGAImplementation
Sat Sep 02 21:51:52 2023
Quartus II 64-Bit Version 13.1.0 Build 162 10/23/2013 SJ Web Edition


---------------------
; Table of Contents ;
---------------------
  1. Legal Notice
  2. Analysis & Synthesis Summary
  3. Analysis & Synthesis Settings
  4. Parallel Compilation
  5. Analysis & Synthesis Source Files Read
  6. Analysis & Synthesis Resource Usage Summary
  7. Analysis & Synthesis Resource Utilization by Entity
  8. State Machine - |FPGAImplementation|uart_tx:comb_24|estadoAtual
  9. State Machine - |FPGAImplementation|SensorDecoder:comb_4|current_state
 10. State Machine - |FPGAImplementation|uart_rx:comb_3|estadoAtual
 11. Registers Removed During Synthesis
 12. Removed Registers Triggering Further Register Optimizations
 13. General Register Statistics
 14. Inverted Register Statistics
 15. Multiplexer Restructuring Statistics (Restructuring Performed)
 16. Parameter Settings for User Entity Instance: uart_rx:comb_3
 17. Parameter Settings for User Entity Instance: uart_tx:comb_24
 18. Port Connectivity Checks: "SensorDecoder:comb_4"
 19. Port Connectivity Checks: "uart_rx:comb_3"
 20. Elapsed Time Per Partition
 21. Analysis & Synthesis Messages
 22. Analysis & Synthesis Suppressed Messages



----------------
; Legal Notice ;
----------------
Copyright (C) 1991-2013 Altera Corporation
Your use of Altera Corporation's design tools, logic functions 
and other software and tools, and its AMPP partner logic 
functions, and any output files from any of the foregoing 
(including device programming or simulation files), and any 
associated documentation or information are expressly subject 
to the terms and conditions of the Altera Program License 
Subscription Agreement, Altera MegaCore Function License 
Agreement, or other applicable license agreement, including, 
without limitation, that your use is for the sole purpose of 
programming logic devices manufactured by Altera and sold by 
Altera or its authorized distributors.  Please refer to the 
applicable agreement for further details.



+---------------------------------------------------------------------------------+
; Analysis & Synthesis Summary                                                    ;
+------------------------------------+--------------------------------------------+
; Analysis & Synthesis Status        ; Successful - Sat Sep 02 21:51:52 2023      ;
; Quartus II 64-Bit Version          ; 13.1.0 Build 162 10/23/2013 SJ Web Edition ;
; Revision Name                      ; FPGAImplementation                         ;
; Top-level Entity Name              ; FPGAImplementation                         ;
; Family                             ; Cyclone IV E                               ;
; Total logic elements               ; 42                                         ;
;     Total combinational functions  ; 41                                         ;
;     Dedicated logic registers      ; 24                                         ;
; Total registers                    ; 24                                         ;
; Total pins                         ; 16                                         ;
; Total virtual pins                 ; 0                                          ;
; Total memory bits                  ; 0                                          ;
; Embedded Multiplier 9-bit elements ; 0                                          ;
; Total PLLs                         ; 0                                          ;
+------------------------------------+--------------------------------------------+


+----------------------------------------------------------------------------------------------------------------------+
; Analysis & Synthesis Settings                                                                                        ;
+----------------------------------------------------------------------------+--------------------+--------------------+
; Option                                                                     ; Setting            ; Default Value      ;
+----------------------------------------------------------------------------+--------------------+--------------------+
; Device                                                                     ; EP4CE30F23C7       ;                    ;
; Top-level entity name                                                      ; FPGAImplementation ; FPGAImplementation ;
; Family name                                                                ; Cyclone IV E       ; Cyclone V          ;
; Use smart compilation                                                      ; Off                ; Off                ;
; Enable parallel Assembler and TimeQuest Timing Analyzer during compilation ; On                 ; On                 ;
; Enable compact report table                                                ; Off                ; Off                ;
; Restructure Multiplexers                                                   ; Auto               ; Auto               ;
; Create Debugging Nodes for IP Cores                                        ; Off                ; Off                ;
; Preserve fewer node names                                                  ; On                 ; On                 ;
; Disable OpenCore Plus hardware evaluation                                  ; Off                ; Off                ;
; Verilog Version                                                            ; Verilog_2001       ; Verilog_2001       ;
; VHDL Version                                                               ; VHDL_1993          ; VHDL_1993          ;
; State Machine Processing                                                   ; Auto               ; Auto               ;
; Safe State Machine                                                         ; Off                ; Off                ;
; Extract Verilog State Machines                                             ; On                 ; On                 ;
; Extract VHDL State Machines                                                ; On                 ; On                 ;
; Ignore Verilog initial constructs                                          ; Off                ; Off                ;
; Iteration limit for constant Verilog loops                                 ; 5000               ; 5000               ;
; Iteration limit for non-constant Verilog loops                             ; 250                ; 250                ;
; Add Pass-Through Logic to Inferred RAMs                                    ; On                 ; On                 ;
; Infer RAMs from Raw Logic                                                  ; On                 ; On                 ;
; Parallel Synthesis                                                         ; On                 ; On                 ;
; DSP Block Balancing                                                        ; Auto               ; Auto               ;
; NOT Gate Push-Back                                                         ; On                 ; On                 ;
; Power-Up Don't Care                                                        ; On                 ; On                 ;
; Remove Redundant Logic Cells                                               ; Off                ; Off                ;
; Remove Duplicate Registers                                                 ; On                 ; On                 ;
; Ignore CARRY Buffers                                                       ; Off                ; Off                ;
; Ignore CASCADE Buffers                                                     ; Off                ; Off                ;
; Ignore GLOBAL Buffers                                                      ; Off                ; Off                ;
; Ignore ROW GLOBAL Buffers                                                  ; Off                ; Off                ;
; Ignore LCELL Buffers                                                       ; Off                ; Off                ;
; Ignore SOFT Buffers                                                        ; On                 ; On                 ;
; Limit AHDL Integers to 32 Bits                                             ; Off                ; Off                ;
; Optimization Technique                                                     ; Balanced           ; Balanced           ;
; Carry Chain Length                                                         ; 70                 ; 70                 ;
; Auto Carry Chains                                                          ; On                 ; On                 ;
; Auto Open-Drain Pins                                                       ; On                 ; On                 ;
; Perform WYSIWYG Primitive Resynthesis                                      ; Off                ; Off                ;
; Auto ROM Replacement                                                       ; On                 ; On                 ;
; Auto RAM Replacement                                                       ; On                 ; On                 ;
; Auto DSP Block Replacement                                                 ; On                 ; On                 ;
; Auto Shift Register Replacement                                            ; Auto               ; Auto               ;
; Allow Shift Register Merging across Hierarchies                            ; Auto               ; Auto               ;
; Auto Clock Enable Replacement                                              ; On                 ; On                 ;
; Strict RAM Replacement                                                     ; Off                ; Off                ;
; Allow Synchronous Control Signals                                          ; On                 ; On                 ;
; Force Use of Synchronous Clear Signals                                     ; Off                ; Off                ;
; Auto RAM Block Balancing                                                   ; On                 ; On                 ;
; Auto RAM to Logic Cell Conversion                                          ; Off                ; Off                ;
; Auto Resource Sharing                                                      ; Off                ; Off                ;
; Allow Any RAM Size For Recognition                                         ; Off                ; Off                ;
; Allow Any ROM Size For Recognition                                         ; Off                ; Off                ;
; Allow Any Shift Register Size For Recognition                              ; Off                ; Off                ;
; Use LogicLock Constraints during Resource Balancing                        ; On                 ; On                 ;
; Ignore translate_off and synthesis_off directives                          ; Off                ; Off                ;
; Timing-Driven Synthesis                                                    ; On                 ; On                 ;
; Report Parameter Settings                                                  ; On                 ; On                 ;
; Report Source Assignments                                                  ; On                 ; On                 ;
; Report Connectivity Checks                                                 ; On                 ; On                 ;
; Ignore Maximum Fan-Out Assignments                                         ; Off                ; Off                ;
; Synchronization Register Chain Length                                      ; 2                  ; 2                  ;
; PowerPlay Power Optimization                                               ; Normal compilation ; Normal compilation ;
; HDL message level                                                          ; Level2             ; Level2             ;
; Suppress Register Optimization Related Messages                            ; Off                ; Off                ;
; Number of Removed Registers Reported in Synthesis Report                   ; 5000               ; 5000               ;
; Number of Swept Nodes Reported in Synthesis Report                         ; 5000               ; 5000               ;
; Number of Inverted Registers Reported in Synthesis Report                  ; 100                ; 100                ;
; Clock MUX Protection                                                       ; On                 ; On                 ;
; Auto Gated Clock Conversion                                                ; Off                ; Off                ;
; Block Design Naming                                                        ; Auto               ; Auto               ;
; SDC constraint protection                                                  ; Off                ; Off                ;
; Synthesis Effort                                                           ; Auto               ; Auto               ;
; Shift Register Replacement - Allow Asynchronous Clear Signal               ; On                 ; On                 ;
; Pre-Mapping Resynthesis Optimization                                       ; Off                ; Off                ;
; Analysis & Synthesis Message Level                                         ; Medium             ; Medium             ;
; Disable Register Merging Across Hierarchies                                ; Auto               ; Auto               ;
; Resource Aware Inference For Block RAM                                     ; On                 ; On                 ;
; Synthesis Seed                                                             ; 1                  ; 1                  ;
+----------------------------------------------------------------------------+--------------------+--------------------+


+------------------------------------------+
; Parallel Compilation                     ;
+----------------------------+-------------+
; Processors                 ; Number      ;
+----------------------------+-------------+
; Number detected on machine ; 8           ;
; Maximum allowed            ; 4           ;
;                            ;             ;
; Average used               ; 1.00        ;
; Maximum used               ; 1           ;
;                            ;             ;
; Usage by Processor         ; % Time Used ;
;     Processor 1            ; 100.0%      ;
;     Processors 2-8         ;   0.0%      ;
+----------------------------+-------------+


+------------------------------------------------------------------------------------------------------------------------------------------------------------------------------------------------------------------+
; Analysis & Synthesis Source Files Read                                                                                                                                                                           ;
+----------------------------------+-----------------+------------------------+--------------------------------------------------------------------------------------------------------------------------+---------+
; File Name with User-Entered Path ; Used in Netlist ; File Type              ; File Name with Absolute Path                                                                                             ; Library ;
+----------------------------------+-----------------+------------------------+--------------------------------------------------------------------------------------------------------------------------+---------+
; uart_rx.v                        ; yes             ; User Verilog HDL File  ; C:/Users/douge/Desktop/UEFS/SEMESTRE_4/Sistemas Digitais/interface-entrada-saida/fpgaImplementation/uart_rx.v            ;         ;
; uart_tx.v                        ; yes             ; User Verilog HDL File  ; C:/Users/douge/Desktop/UEFS/SEMESTRE_4/Sistemas Digitais/interface-entrada-saida/fpgaImplementation/uart_tx.v            ;         ;
; FPGAImplementation.v             ; yes             ; User Verilog HDL File  ; C:/Users/douge/Desktop/UEFS/SEMESTRE_4/Sistemas Digitais/interface-entrada-saida/fpgaImplementation/FPGAImplementation.v ;         ;
; decoder.v                        ; yes             ; User Verilog HDL File  ; C:/Users/douge/Desktop/UEFS/SEMESTRE_4/Sistemas Digitais/interface-entrada-saida/fpgaImplementation/decoder.v            ;         ;
; SensorDecoder.v                  ; yes             ; User Verilog HDL File  ; C:/Users/douge/Desktop/UEFS/SEMESTRE_4/Sistemas Digitais/interface-entrada-saida/fpgaImplementation/SensorDecoder.v      ;         ;
; TriState.v                       ; yes             ; User Verilog HDL File  ; C:/Users/douge/Desktop/UEFS/SEMESTRE_4/Sistemas Digitais/interface-entrada-saida/fpgaImplementation/TriState.v           ;         ;
+----------------------------------+-----------------+------------------------+--------------------------------------------------------------------------------------------------------------------------+---------+


+-----------------------------------------------------------+
; Analysis & Synthesis Resource Usage Summary               ;
+---------------------------------------------+-------------+
; Resource                                    ; Usage       ;
+---------------------------------------------+-------------+
; Estimated Total logic elements              ; 42          ;
;                                             ;             ;
; Total combinational functions               ; 41          ;
; Logic element usage by number of LUT inputs ;             ;
;     -- 4 input functions                    ; 20          ;
;     -- 3 input functions                    ; 2           ;
;     -- <=2 input functions                  ; 19          ;
;                                             ;             ;
; Logic elements by mode                      ;             ;
;     -- normal mode                          ; 29          ;
;     -- arithmetic mode                      ; 12          ;
;                                             ;             ;
; Total registers                             ; 24          ;
;     -- Dedicated logic registers            ; 24          ;
;     -- I/O registers                        ; 0           ;
;                                             ;             ;
; I/O pins                                    ; 16          ;
; Embedded Multiplier 9-bit elements          ; 0           ;
; Maximum fan-out node                        ; clock~input ;
; Maximum fan-out                             ; 24          ;
; Total fan-out                               ; 214         ;
; Average fan-out                             ; 2.18        ;
+---------------------------------------------+-------------+


+--------------------------------------------------------------------------------------------------------------------------------------------------------------------------------------------+
; Analysis & Synthesis Resource Utilization by Entity                                                                                                                                        ;
+----------------------------+-------------------+--------------+-------------+--------------+---------+-----------+------+--------------+------------------------------------+--------------+
; Compilation Hierarchy Node ; LC Combinationals ; LC Registers ; Memory Bits ; DSP Elements ; DSP 9x9 ; DSP 18x18 ; Pins ; Virtual Pins ; Full Hierarchy Name                ; Library Name ;
+----------------------------+-------------------+--------------+-------------+--------------+---------+-----------+------+--------------+------------------------------------+--------------+
; |FPGAImplementation        ; 41 (0)            ; 24 (0)       ; 0           ; 0            ; 0       ; 0         ; 16   ; 0            ; |FPGAImplementation                ; work         ;
;    |uart_rx:comb_3|        ; 41 (41)           ; 24 (24)      ; 0           ; 0            ; 0       ; 0         ; 0    ; 0            ; |FPGAImplementation|uart_rx:comb_3 ; work         ;
+----------------------------+-------------------+--------------+-------------+--------------+---------+-----------+------+--------------+------------------------------------+--------------+
Note: For table entries with two numbers listed, the numbers in parentheses indicate the number of resources of the given type used by the specific entity alone. The numbers listed outside of parentheses indicate the total resources of the given type used by the specific entity and all of its sub-entities in the hierarchy.


Encoding Type:  One-Hot
+-------------------------------------------------------------------------------------------------------------------------------------------------------------------------------------+
; State Machine - |FPGAImplementation|uart_tx:comb_24|estadoAtual                                                                                                                     ;
+----------------------------------+---------------------------------+-----------------------------+----------------------------------+-----------------+-----------------------------+
; Name                             ; estadoAtual.estadoEnviaBitFinal ; estadoAtual.estadoEnviaBits ; estadoAtual.estadoEnviaBitInicio ; estadoAtual.000 ; estadoAtual.estadoDeLimpeza ;
+----------------------------------+---------------------------------+-----------------------------+----------------------------------+-----------------+-----------------------------+
; estadoAtual.000                  ; 0                               ; 0                           ; 0                                ; 0               ; 0                           ;
; estadoAtual.estadoEnviaBitInicio ; 0                               ; 0                           ; 1                                ; 1               ; 0                           ;
; estadoAtual.estadoEnviaBits      ; 0                               ; 1                           ; 0                                ; 1               ; 0                           ;
; estadoAtual.estadoEnviaBitFinal  ; 1                               ; 0                           ; 0                                ; 1               ; 0                           ;
; estadoAtual.estadoDeLimpeza      ; 0                               ; 0                           ; 0                                ; 1               ; 1                           ;
+----------------------------------+---------------------------------+-----------------------------+----------------------------------+-----------------+-----------------------------+


Encoding Type:  One-Hot
+--------------------------------------------------------------------------------------------------------------------------------------------------------------------------------------------------------------------------------------------------------------+
; State Machine - |FPGAImplementation|SensorDecoder:comb_4|current_state                                                                                                                                                                                       ;
+---------------------+---------------------+------------------+------------------+------------------+------------------+------------------+------------------+------------------+------------------+------------------+------------------+--------------------+
; Name                ; current_state.START ; current_state.S9 ; current_state.S8 ; current_state.S7 ; current_state.S6 ; current_state.S5 ; current_state.S4 ; current_state.S3 ; current_state.S2 ; current_state.S1 ; current_state.S0 ; current_state.STOP ;
+---------------------+---------------------+------------------+------------------+------------------+------------------+------------------+------------------+------------------+------------------+------------------+------------------+--------------------+
; current_state.STOP  ; 0                   ; 0                ; 0                ; 0                ; 0                ; 0                ; 0                ; 0                ; 0                ; 0                ; 0                ; 0                  ;
; current_state.S0    ; 0                   ; 0                ; 0                ; 0                ; 0                ; 0                ; 0                ; 0                ; 0                ; 0                ; 1                ; 1                  ;
; current_state.S1    ; 0                   ; 0                ; 0                ; 0                ; 0                ; 0                ; 0                ; 0                ; 0                ; 1                ; 0                ; 1                  ;
; current_state.S2    ; 0                   ; 0                ; 0                ; 0                ; 0                ; 0                ; 0                ; 0                ; 1                ; 0                ; 0                ; 1                  ;
; current_state.S3    ; 0                   ; 0                ; 0                ; 0                ; 0                ; 0                ; 0                ; 1                ; 0                ; 0                ; 0                ; 1                  ;
; current_state.S4    ; 0                   ; 0                ; 0                ; 0                ; 0                ; 0                ; 1                ; 0                ; 0                ; 0                ; 0                ; 1                  ;
; current_state.S5    ; 0                   ; 0                ; 0                ; 0                ; 0                ; 1                ; 0                ; 0                ; 0                ; 0                ; 0                ; 1                  ;
; current_state.S6    ; 0                   ; 0                ; 0                ; 0                ; 1                ; 0                ; 0                ; 0                ; 0                ; 0                ; 0                ; 1                  ;
; current_state.S7    ; 0                   ; 0                ; 0                ; 1                ; 0                ; 0                ; 0                ; 0                ; 0                ; 0                ; 0                ; 1                  ;
; current_state.S8    ; 0                   ; 0                ; 1                ; 0                ; 0                ; 0                ; 0                ; 0                ; 0                ; 0                ; 0                ; 1                  ;
; current_state.S9    ; 0                   ; 1                ; 0                ; 0                ; 0                ; 0                ; 0                ; 0                ; 0                ; 0                ; 0                ; 1                  ;
; current_state.START ; 1                   ; 0                ; 0                ; 0                ; 0                ; 0                ; 0                ; 0                ; 0                ; 0                ; 0                ; 1                  ;
+---------------------+---------------------+------------------+------------------+------------------+------------------+------------------+------------------+------------------+------------------+------------------+------------------+--------------------+


Encoding Type:  One-Hot
+----------------------------------------------------------------------------------------------------------------------------------------------------------------------------------------+
; State Machine - |FPGAImplementation|uart_rx:comb_3|estadoAtual                                                                                                                         ;
+-------------------------------------+---------------------------+--------------------------------+-------------------------------------+-----------------+-----------------------------+
; Name                                ; estadoAtual.estadoStopBit ; estadoAtual.estadoDeEsperaBits ; estadoAtual.estadoVerificaBitInicio ; estadoAtual.000 ; estadoAtual.estadoDeLimpeza ;
+-------------------------------------+---------------------------+--------------------------------+-------------------------------------+-----------------+-----------------------------+
; estadoAtual.000                     ; 0                         ; 0                              ; 0                                   ; 0               ; 0                           ;
; estadoAtual.estadoVerificaBitInicio ; 0                         ; 0                              ; 1                                   ; 1               ; 0                           ;
; estadoAtual.estadoDeEsperaBits      ; 0                         ; 1                              ; 0                                   ; 1               ; 0                           ;
; estadoAtual.estadoStopBit           ; 1                         ; 0                              ; 0                                   ; 1               ; 0                           ;
; estadoAtual.estadoDeLimpeza         ; 0                         ; 0                              ; 0                                   ; 1               ; 1                           ;
+-------------------------------------+---------------------------+--------------------------------+-------------------------------------+-----------------+-----------------------------+


+------------------------------------------------------------------------------------------------+
; Registers Removed During Synthesis                                                             ;
+--------------------------------------------------+---------------------------------------------+
; Register name                                    ; Reason for Removal                          ;
+--------------------------------------------------+---------------------------------------------+
; SensorDecoder:comb_4|dadosPodemSerEnviados       ; Stuck at GND due to stuck port clock_enable ;
; SensorDecoder:comb_4|index[0..5]                 ; Stuck at GND due to stuck port clock_enable ;
; SensorDecoder:comb_4|sensor_data[0..7,16..23]    ; Stuck at GND due to stuck port clock_enable ;
; SensorDecoder:comb_4|counter[0..26]              ; Stuck at GND due to stuck port clock_enable ;
; SensorDecoder:comb_4|error                       ; Stuck at GND due to stuck port clock_enable ;
; SensorDecoder:comb_4|hold                        ; Stuck at GND due to stuck port clock_enable ;
; uart_rx:comb_3|jaFoiOPrimeiro                    ; Lost fanout                                 ;
; uart_rx:comb_3|bufferSegundoByte[0..7]           ; Lost fanout                                 ;
; uart_rx:comb_3|armazenaBits[0..7]                ; Lost fanout                                 ;
; uart_tx:comb_24|dadosASeremTransmitidos[0..7]    ; Stuck at GND due to stuck port data_in      ;
; SensorDecoder:comb_4|direction                   ; Merged with SensorDecoder:comb_4|sensor_out ;
; SensorDecoder:comb_4|sensor_out                  ; Stuck at GND due to stuck port data_in      ;
; uart_tx:comb_24|segundaVez                       ; Stuck at GND due to stuck port data_in      ;
; uart_tx:comb_24|jaFoiOPrimeiro                   ; Stuck at GND due to stuck port clock_enable ;
; uart_tx:comb_24|transmissaoEmAndamento           ; Stuck at GND due to stuck port data_in      ;
; uart_tx:comb_24|estadoAtual~2                    ; Lost fanout                                 ;
; uart_tx:comb_24|estadoAtual~3                    ; Lost fanout                                 ;
; SensorDecoder:comb_4|current_state~14            ; Lost fanout                                 ;
; SensorDecoder:comb_4|current_state~15            ; Lost fanout                                 ;
; SensorDecoder:comb_4|current_state~16            ; Lost fanout                                 ;
; SensorDecoder:comb_4|current_state~17            ; Lost fanout                                 ;
; uart_rx:comb_3|estadoAtual~2                     ; Lost fanout                                 ;
; uart_rx:comb_3|estadoAtual~3                     ; Lost fanout                                 ;
; SensorDecoder:comb_4|current_state.STOP          ; Lost fanout                                 ;
; SensorDecoder:comb_4|current_state.S0            ; Lost fanout                                 ;
; SensorDecoder:comb_4|current_state.S1            ; Lost fanout                                 ;
; SensorDecoder:comb_4|current_state.S2            ; Lost fanout                                 ;
; SensorDecoder:comb_4|current_state.S3            ; Lost fanout                                 ;
; SensorDecoder:comb_4|current_state.S4            ; Lost fanout                                 ;
; SensorDecoder:comb_4|current_state.S5            ; Lost fanout                                 ;
; SensorDecoder:comb_4|current_state.S6            ; Lost fanout                                 ;
; SensorDecoder:comb_4|current_state.S7            ; Lost fanout                                 ;
; SensorDecoder:comb_4|current_state.S8            ; Lost fanout                                 ;
; SensorDecoder:comb_4|current_state.S9            ; Lost fanout                                 ;
; SensorDecoder:comb_4|current_state.START         ; Lost fanout                                 ;
; uart_tx:comb_24|estadoAtual.estadoEnviaBitInicio ; Stuck at GND due to stuck port data_in      ;
; uart_tx:comb_24|estadoAtual.estadoEnviaBits      ; Stuck at GND due to stuck port data_in      ;
; uart_tx:comb_24|estadoAtual.estadoEnviaBitFinal  ; Stuck at GND due to stuck port data_in      ;
; uart_tx:comb_24|indiceDoBitTransmitido[0..2]     ; Stuck at GND due to stuck port data_in      ;
; uart_tx:comb_24|estadoAtual.estadoDeLimpeza      ; Stuck at GND due to stuck port data_in      ;
; uart_tx:comb_24|bitSerialAtual                   ; Stuck at VCC due to stuck port data_in      ;
; uart_tx:comb_24|transmissaoConcluida             ; Stuck at GND due to stuck port data_in      ;
; uart_tx:comb_24|estadoAtual.000                  ; Stuck at GND due to stuck port data_in      ;
; uart_tx:comb_24|contadorDeClock[0..12]           ; Stuck at GND due to stuck port data_in      ;
; Total Number of Removed Registers = 125          ;                                             ;
+--------------------------------------------------+---------------------------------------------+


+----------------------------------------------------------------------------------------------------------------------------------------------------------------+
; Removed Registers Triggering Further Register Optimizations                                                                                                    ;
+---------------------------------------------+--------------------------------+---------------------------------------------------------------------------------+
; Register name                               ; Reason for Removal             ; Registers Removed due to This Register                                          ;
+---------------------------------------------+--------------------------------+---------------------------------------------------------------------------------+
; SensorDecoder:comb_4|index[5]               ; Stuck at GND                   ; SensorDecoder:comb_4|sensor_data[20], SensorDecoder:comb_4|sensor_data[21],     ;
;                                             ; due to stuck port clock_enable ; SensorDecoder:comb_4|sensor_data[22], SensorDecoder:comb_4|sensor_data[23],     ;
;                                             ;                                ; SensorDecoder:comb_4|counter[0], SensorDecoder:comb_4|counter[1],               ;
;                                             ;                                ; SensorDecoder:comb_4|counter[2], SensorDecoder:comb_4|counter[3],               ;
;                                             ;                                ; SensorDecoder:comb_4|counter[4], SensorDecoder:comb_4|counter[5],               ;
;                                             ;                                ; SensorDecoder:comb_4|counter[6], SensorDecoder:comb_4|counter[7],               ;
;                                             ;                                ; SensorDecoder:comb_4|counter[8], SensorDecoder:comb_4|counter[9],               ;
;                                             ;                                ; SensorDecoder:comb_4|counter[10], SensorDecoder:comb_4|counter[11],             ;
;                                             ;                                ; SensorDecoder:comb_4|counter[12], SensorDecoder:comb_4|counter[13],             ;
;                                             ;                                ; SensorDecoder:comb_4|counter[14], SensorDecoder:comb_4|counter[15],             ;
;                                             ;                                ; SensorDecoder:comb_4|counter[16], SensorDecoder:comb_4|counter[17],             ;
;                                             ;                                ; SensorDecoder:comb_4|counter[18], SensorDecoder:comb_4|counter[19],             ;
;                                             ;                                ; SensorDecoder:comb_4|counter[20], SensorDecoder:comb_4|counter[21],             ;
;                                             ;                                ; SensorDecoder:comb_4|counter[22], SensorDecoder:comb_4|counter[23],             ;
;                                             ;                                ; SensorDecoder:comb_4|counter[24], SensorDecoder:comb_4|counter[25],             ;
;                                             ;                                ; SensorDecoder:comb_4|counter[26], SensorDecoder:comb_4|hold                     ;
; SensorDecoder:comb_4|dadosPodemSerEnviados  ; Stuck at GND                   ; uart_tx:comb_24|dadosASeremTransmitidos[0],                                     ;
;                                             ; due to stuck port clock_enable ; uart_tx:comb_24|dadosASeremTransmitidos[1],                                     ;
;                                             ;                                ; uart_tx:comb_24|dadosASeremTransmitidos[2],                                     ;
;                                             ;                                ; uart_tx:comb_24|dadosASeremTransmitidos[3],                                     ;
;                                             ;                                ; uart_tx:comb_24|dadosASeremTransmitidos[4],                                     ;
;                                             ;                                ; uart_tx:comb_24|dadosASeremTransmitidos[5],                                     ;
;                                             ;                                ; uart_tx:comb_24|dadosASeremTransmitidos[6],                                     ;
;                                             ;                                ; uart_tx:comb_24|dadosASeremTransmitidos[7], uart_tx:comb_24|segundaVez,         ;
;                                             ;                                ; uart_tx:comb_24|jaFoiOPrimeiro, uart_tx:comb_24|transmissaoEmAndamento,         ;
;                                             ;                                ; uart_tx:comb_24|bitSerialAtual, uart_tx:comb_24|transmissaoConcluida,           ;
;                                             ;                                ; uart_tx:comb_24|contadorDeClock[12], uart_tx:comb_24|contadorDeClock[11],       ;
;                                             ;                                ; uart_tx:comb_24|contadorDeClock[10], uart_tx:comb_24|contadorDeClock[9],        ;
;                                             ;                                ; uart_tx:comb_24|contadorDeClock[8], uart_tx:comb_24|contadorDeClock[7],         ;
;                                             ;                                ; uart_tx:comb_24|contadorDeClock[6], uart_tx:comb_24|contadorDeClock[5],         ;
;                                             ;                                ; uart_tx:comb_24|contadorDeClock[3], uart_tx:comb_24|contadorDeClock[4],         ;
;                                             ;                                ; uart_tx:comb_24|contadorDeClock[2], uart_tx:comb_24|contadorDeClock[1],         ;
;                                             ;                                ; uart_tx:comb_24|contadorDeClock[0]                                              ;
; SensorDecoder:comb_4|current_state~14       ; Lost Fanouts                   ; SensorDecoder:comb_4|current_state.S0, SensorDecoder:comb_4|current_state.S2,   ;
;                                             ;                                ; SensorDecoder:comb_4|current_state.S4, SensorDecoder:comb_4|current_state.S6,   ;
;                                             ;                                ; SensorDecoder:comb_4|current_state.S8, SensorDecoder:comb_4|current_state.START ;
; SensorDecoder:comb_4|current_state~15       ; Lost Fanouts                   ; SensorDecoder:comb_4|current_state.S1, SensorDecoder:comb_4|current_state.S5,   ;
;                                             ;                                ; SensorDecoder:comb_4|current_state.S9                                           ;
; SensorDecoder:comb_4|index[1]               ; Stuck at GND                   ; SensorDecoder:comb_4|sensor_data[19]                                            ;
;                                             ; due to stuck port clock_enable ;                                                                                 ;
; SensorDecoder:comb_4|current_state~16       ; Lost Fanouts                   ; SensorDecoder:comb_4|current_state.S3                                           ;
; SensorDecoder:comb_4|current_state~17       ; Lost Fanouts                   ; SensorDecoder:comb_4|current_state.S7                                           ;
; uart_tx:comb_24|estadoAtual.estadoDeLimpeza ; Stuck at GND                   ; uart_tx:comb_24|estadoAtual.000                                                 ;
;                                             ; due to stuck port data_in      ;                                                                                 ;
+---------------------------------------------+--------------------------------+---------------------------------------------------------------------------------+


+------------------------------------------------------+
; General Register Statistics                          ;
+----------------------------------------------+-------+
; Statistic                                    ; Value ;
+----------------------------------------------+-------+
; Total registers                              ; 24    ;
; Number of registers using Synchronous Clear  ; 13    ;
; Number of registers using Synchronous Load   ; 0     ;
; Number of registers using Asynchronous Clear ; 0     ;
; Number of registers using Asynchronous Load  ; 0     ;
; Number of registers using Clock Enable       ; 13    ;
; Number of registers using Preset             ; 0     ;
+----------------------------------------------+-------+


+--------------------------------------------------+
; Inverted Register Statistics                     ;
+----------------------------------------+---------+
; Inverted Register                      ; Fan out ;
+----------------------------------------+---------+
; uart_rx:comb_3|serialDeEntrada         ; 4       ;
; uart_rx:comb_3|serialDeEntradaBuffer   ; 1       ;
; Total number of inverted registers = 2 ;         ;
+----------------------------------------+---------+


+--------------------------------------------------------------------------------------------------------------------------------------------------------------------------+
; Multiplexer Restructuring Statistics (Restructuring Performed)                                                                                                           ;
+--------------------+-----------+---------------+----------------------+------------------------+------------+------------------------------------------------------------+
; Multiplexer Inputs ; Bus Width ; Baseline Area ; Area if Restructured ; Saving if Restructured ; Registered ; Example Multiplexer Output                                 ;
+--------------------+-----------+---------------+----------------------+------------------------+------------+------------------------------------------------------------+
; 4:1                ; 13 bits   ; 26 LEs        ; 13 LEs               ; 13 LEs                 ; Yes        ; |FPGAImplementation|uart_tx:comb_24|contadorDeClock[8]     ;
; 7:1                ; 13 bits   ; 52 LEs        ; 13 LEs               ; 39 LEs                 ; Yes        ; |FPGAImplementation|uart_rx:comb_3|contadorDeClock[6]      ;
; 3:1                ; 3 bits    ; 6 LEs         ; 6 LEs                ; 0 LEs                  ; No         ; |FPGAImplementation|uart_tx:comb_24|indiceDoBitTransmitido ;
; 3:1                ; 3 bits    ; 6 LEs         ; 6 LEs                ; 0 LEs                  ; No         ; |FPGAImplementation|uart_rx:comb_3|indiceDoBit             ;
+--------------------+-----------+---------------+----------------------+------------------------+------------+------------------------------------------------------------+


+-------------------------------------------------------------+
; Parameter Settings for User Entity Instance: uart_rx:comb_3 ;
+----------------+-------+------------------------------------+
; Parameter Name ; Value ; Type                               ;
+----------------+-------+------------------------------------+
; CLOCKS_POR_BIT ; 5209  ; Signed Integer                     ;
+----------------+-------+------------------------------------+
Note: In order to hide this table in the UI and the text report file, please set the "Show Parameter Settings in Synthesis Report" option in "Analysis and Synthesis Settings -> More Settings" to "Off".


+--------------------------------------------------------------+
; Parameter Settings for User Entity Instance: uart_tx:comb_24 ;
+----------------+-------+-------------------------------------+
; Parameter Name ; Value ; Type                                ;
+----------------+-------+-------------------------------------+
; CLOKS_POR_BIT  ; 5209  ; Signed Integer                      ;
+----------------+-------+-------------------------------------+
Note: In order to hide this table in the UI and the text report file, please set the "Show Parameter Settings in Synthesis Report" option in "Analysis and Synthesis Settings -> More Settings" to "Off".


+----------------------------------------------------------------------------------------------------------------------+
; Port Connectivity Checks: "SensorDecoder:comb_4"                                                                     ;
+------------+--------+----------+-------------------------------------------------------------------------------------+
; Port       ; Type   ; Severity ; Details                                                                             ;
+------------+--------+----------+-------------------------------------------------------------------------------------+
; hum_float  ; Output ; Info     ; Connected to dangling logic. Logic that only feeds a dangling port will be removed. ;
; temp_float ; Output ; Info     ; Connected to dangling logic. Logic that only feeds a dangling port will be removed. ;
+------------+--------+----------+-------------------------------------------------------------------------------------+


+--------------------------------------------------------------------------------------------------------------------------------+
; Port Connectivity Checks: "uart_rx:comb_3"                                                                                     ;
+----------------------+--------+----------+-------------------------------------------------------------------------------------+
; Port                 ; Type   ; Severity ; Details                                                                             ;
+----------------------+--------+----------+-------------------------------------------------------------------------------------+
; primeiroByteCompleto ; Output ; Info     ; Connected to dangling logic. Logic that only feeds a dangling port will be removed. ;
+----------------------+--------+----------+-------------------------------------------------------------------------------------+


+-------------------------------+
; Elapsed Time Per Partition    ;
+----------------+--------------+
; Partition Name ; Elapsed Time ;
+----------------+--------------+
; Top            ; 00:00:01     ;
+----------------+--------------+


+-------------------------------+
; Analysis & Synthesis Messages ;
+-------------------------------+
Info: *******************************************************************
Info: Running Quartus II 64-Bit Analysis & Synthesis
    Info: Version 13.1.0 Build 162 10/23/2013 SJ Web Edition
    Info: Processing started: Sat Sep 02 21:51:47 2023
Info: Command: quartus_map --read_settings_files=on --write_settings_files=off FPGAImplementation -c FPGAImplementation
Info (11104): Parallel Compilation has detected 8 hyper-threaded processors. However, the extra hyper-threaded processors will not be used by default. Parallel Compilation will use 4 of the 4 physical processors detected instead.
Info (12021): Found 1 design units, including 1 entities, in source file uart_rx.v
    Info (12023): Found entity 1: uart_rx
Info (12021): Found 1 design units, including 1 entities, in source file uart_tx.v
    Info (12023): Found entity 1: uart_tx
Info (12021): Found 1 design units, including 1 entities, in source file fpgaimplementation.v
    Info (12023): Found entity 1: FPGAImplementation
Info (12021): Found 1 design units, including 1 entities, in source file decoder.v
    Info (12023): Found entity 1: decoder
Info (12021): Found 1 design units, including 1 entities, in source file sensordecoder.v
    Info (12023): Found entity 1: SensorDecoder
Info (12021): Found 1 design units, including 1 entities, in source file tristate.v
    Info (12023): Found entity 1: TriState
Critical Warning (10846): Verilog HDL Instantiation warning at FPGAImplementation.v(48): instance has no name
Critical Warning (10846): Verilog HDL Instantiation warning at FPGAImplementation.v(53): instance has no name
Critical Warning (10846): Verilog HDL Instantiation warning at FPGAImplementation.v(59): instance has no name
Critical Warning (10846): Verilog HDL Instantiation warning at FPGAImplementation.v(65): instance has no name
Info (12127): Elaborating entity "FPGAImplementation" for the top level hierarchy
Info (12128): Elaborating entity "uart_rx" for hierarchy "uart_rx:comb_3"
Warning (10230): Verilog HDL assignment warning at uart_rx.v(143): truncated value with size 32 to match size of target (13)
Info (12128): Elaborating entity "SensorDecoder" for hierarchy "SensorDecoder:comb_4"
Warning (10036): Verilog HDL or VHDL warning at SensorDecoder.v(38): object "checksum" assigned a value but never read
Warning (10036): Verilog HDL or VHDL warning at SensorDecoder.v(39): object "debug" assigned a value but never read
Info (12128): Elaborating entity "TriState" for hierarchy "SensorDecoder:comb_4|TriState:TS0"
Info (12128): Elaborating entity "decoder" for hierarchy "decoder:comb_6"
Warning (10240): Verilog HDL Always Construct warning at decoder.v(10): inferring latch(es) for variable "display", which holds its previous value in one or more paths through the always construct
Info (10041): Inferred latch for "display[0]" at decoder.v(10)
Info (10041): Inferred latch for "display[1]" at decoder.v(10)
Info (10041): Inferred latch for "display[2]" at decoder.v(10)
Info (10041): Inferred latch for "display[3]" at decoder.v(10)
Info (10041): Inferred latch for "display[4]" at decoder.v(10)
Info (10041): Inferred latch for "display[5]" at decoder.v(10)
Info (10041): Inferred latch for "display[6]" at decoder.v(10)
Info (12128): Elaborating entity "uart_tx" for hierarchy "uart_tx:comb_24"
Warning (10230): Verilog HDL assignment warning at uart_tx.v(95): truncated value with size 32 to match size of target (13)
Warning (10230): Verilog HDL assignment warning at uart_tx.v(116): truncated value with size 32 to match size of target (13)
Warning (10230): Verilog HDL assignment warning at uart_tx.v(125): truncated value with size 32 to match size of target (3)
Warning (10230): Verilog HDL assignment warning at uart_tx.v(146): truncated value with size 32 to match size of target (13)
Warning (14025): LATCH primitive "decoder:comb_6|display[1]" is permanently disabled
Warning (14025): LATCH primitive "decoder:comb_6|display[0]" is permanently disabled
Warning (14025): LATCH primitive "decoder:comb_6|display[4]" is permanently disabled
Warning (14025): LATCH primitive "decoder:comb_6|display[5]" is permanently disabled
Warning (14025): LATCH primitive "decoder:comb_6|display[6]" is permanently disabled
Warning (14025): LATCH primitive "decoder:comb_6|display[2]" is permanently disabled
Warning (13024): Output pins are stuck at VCC or GND
    Warning (13410): Pin "indicaTransmissao" is stuck at GND
    Warning (13410): Pin "bitSerialAtualTX" is stuck at VCC
    Warning (13410): Pin "bitsEstaoEnviados" is stuck at GND
    Warning (13410): Pin "display[0]" is stuck at GND
    Warning (13410): Pin "display[1]" is stuck at GND
    Warning (13410): Pin "display[2]" is stuck at GND
    Warning (13410): Pin "display[3]" is stuck at GND
    Warning (13410): Pin "display[4]" is stuck at GND
    Warning (13410): Pin "display[5]" is stuck at GND
    Warning (13410): Pin "display[6]" is stuck at GND
    Warning (13410): Pin "hold" is stuck at GND
    Warning (13410): Pin "error" is stuck at GND
Info (286030): Timing-Driven Synthesis is running
Info (17049): 37 registers lost all their fanouts during netlist optimizations.
Info (144001): Generated suppressed messages file C:/Users/douge/Desktop/UEFS/SEMESTRE_4/Sistemas Digitais/interface-entrada-saida/fpgaImplementation/output_files/FPGAImplementation.map.smsg
Info (16010): Generating hard_block partition "hard_block:auto_generated_inst"
    Info (16011): Adding 0 node(s), including 0 DDIO, 0 PLL, 0 transceiver and 0 LCELL
Info (21057): Implemented 59 device resources after synthesis - the final resource count might be different
    Info (21058): Implemented 2 input pins
    Info (21059): Implemented 13 output pins
    Info (21060): Implemented 1 bidirectional pins
    Info (21061): Implemented 43 logic cells
Info: Quartus II 64-Bit Analysis & Synthesis was successful. 0 errors, 31 warnings
    Info: Peak virtual memory: 4642 megabytes
    Info: Processing ended: Sat Sep 02 21:51:52 2023
    Info: Elapsed time: 00:00:05
    Info: Total CPU time (on all processors): 00:00:02


+------------------------------------------+
; Analysis & Synthesis Suppressed Messages ;
+------------------------------------------+
The suppressed messages can be found in C:/Users/douge/Desktop/UEFS/SEMESTRE_4/Sistemas Digitais/interface-entrada-saida/fpgaImplementation/output_files/FPGAImplementation.map.smsg.


