Flow report for FPGAImplementation
Sat Sep 02 21:57:27 2023
Quartus II 64-Bit Version 13.1.0 Build 162 10/23/2013 SJ Web Edition


---------------------
; Table of Contents ;
---------------------
  1. Legal Notice
  2. Flow Summary
  3. Flow Settings
  4. Flow Non-Default Global Settings
  5. Flow Elapsed Time
  6. Flow OS Summary
  7. Flow Log
  8. Flow Messages
  9. Flow Suppressed Messages



----------------
; Legal Notice ;
----------------
Copyright (C) 1991-2013 Altera Corporation
Your use of Altera Corporation's design tools, logic functions 
and other software and tools, and its AMPP partner logic 
functions, and any output files from any of the foregoing 
(including device programming or simulation files), and any 
associated documentation or information are expressly subject 
to the terms and conditions of the Altera Program License 
Subscription Agreement, Altera MegaCore Function License 
Agreement, or other applicable license agreement, including, 
without limitation, that your use is for the sole purpose of 
programming logic devices manufactured by Altera and sold by 
Altera or its authorized distributors.  Please refer to the 
applicable agreement for further details.



+---------------------------------------------------------------------------------+
; Flow Summary                                                                    ;
+------------------------------------+--------------------------------------------+
; Flow Status                        ; Successful - Sat Sep 02 21:57:22 2023      ;
; Quartus II 64-Bit Version          ; 13.1.0 Build 162 10/23/2013 SJ Web Edition ;
; Revision Name                      ; FPGAImplementation                         ;
; Top-level Entity Name              ; FPGAImplementation                         ;
; Family                             ; Cyclone IV E                               ;
; Device                             ; EP4CE30F23C7                               ;
; Timing Models                      ; Final                                      ;
; Total logic elements               ; 42 / 28,848 ( < 1 % )                      ;
;     Total combinational functions  ; 41 / 28,848 ( < 1 % )                      ;
;     Dedicated logic registers      ; 24 / 28,848 ( < 1 % )                      ;
; Total registers                    ; 24                                         ;
; Total pins                         ; 16 / 329 ( 5 % )                           ;
; Total virtual pins                 ; 0                                          ;
; Total memory bits                  ; 0 / 608,256 ( 0 % )                        ;
; Embedded Multiplier 9-bit elements ; 0 / 132 ( 0 % )                            ;
; Total PLLs                         ; 0 / 4 ( 0 % )                              ;
+------------------------------------+--------------------------------------------+


+-----------------------------------------+
; Flow Settings                           ;
+-------------------+---------------------+
; Option            ; Setting             ;
+-------------------+---------------------+
; Start date & time ; 09/02/2023 21:56:53 ;
; Main task         ; Compilation         ;
; Revision Name     ; FPGAImplementation  ;
+-------------------+---------------------+


+-----------------------------------------------------------------------------------------------------------------------------------------+
; Flow Non-Default Global Settings                                                                                                        ;
+-------------------------------------+---------------------------------+---------------+-------------+-----------------------------------+
; Assignment Name                     ; Value                           ; Default Value ; Entity Name ; Section Id                        ;
+-------------------------------------+---------------------------------+---------------+-------------+-----------------------------------+
; COMPILER_SIGNATURE_ID               ; 123598315015815.169370261307800 ; --            ; --          ; --                                ;
; EDA_GENERATE_FUNCTIONAL_NETLIST     ; Off                             ; --            ; --          ; eda_board_design_timing           ;
; EDA_GENERATE_FUNCTIONAL_NETLIST     ; Off                             ; --            ; --          ; eda_board_design_symbol           ;
; EDA_GENERATE_FUNCTIONAL_NETLIST     ; Off                             ; --            ; --          ; eda_board_design_signal_integrity ;
; EDA_GENERATE_FUNCTIONAL_NETLIST     ; Off                             ; --            ; --          ; eda_board_design_boundary_scan    ;
; ENABLE_OCT_DONE                     ; Off                             ; On            ; --          ; --                                ;
; MAX_CORE_JUNCTION_TEMP              ; 85                              ; --            ; --          ; --                                ;
; MIN_CORE_JUNCTION_TEMP              ; 0                               ; --            ; --          ; --                                ;
; NOMINAL_CORE_SUPPLY_VOLTAGE         ; 1.2V                            ; --            ; --          ; --                                ;
; PARTITION_COLOR                     ; 16764057                        ; --            ; --          ; Top                               ;
; PARTITION_FITTER_PRESERVATION_LEVEL ; PLACEMENT_AND_ROUTING           ; --            ; --          ; Top                               ;
; PARTITION_NETLIST_TYPE              ; SOURCE                          ; --            ; --          ; Top                               ;
; PROJECT_OUTPUT_DIRECTORY            ; output_files                    ; --            ; --          ; --                                ;
+-------------------------------------+---------------------------------+---------------+-------------+-----------------------------------+


+-------------------------------------------------------------------------------------------------------------------------------+
; Flow Elapsed Time                                                                                                             ;
+---------------------------+--------------+-------------------------+---------------------+------------------------------------+
; Module Name               ; Elapsed Time ; Average Processors Used ; Peak Virtual Memory ; Total CPU Time (on all processors) ;
+---------------------------+--------------+-------------------------+---------------------+------------------------------------+
; Analysis & Synthesis      ; 00:00:03     ; 1.0                     ; 4642 MB             ; 00:00:02                           ;
; Fitter                    ; 00:00:17     ; 1.4                     ; 5416 MB             ; 00:00:11                           ;
; Assembler                 ; 00:00:04     ; 1.0                     ; 4603 MB             ; 00:00:03                           ;
; TimeQuest Timing Analyzer ; 00:00:04     ; 1.0                     ; 4683 MB             ; 00:00:02                           ;
; Total                     ; 00:00:28     ; --                      ; --                  ; 00:00:18                           ;
+---------------------------+--------------+-------------------------+---------------------+------------------------------------+


+----------------------------------------------------------------------------------------+
; Flow OS Summary                                                                        ;
+---------------------------+------------------+-----------+------------+----------------+
; Module Name               ; Machine Hostname ; OS Name   ; OS Version ; Processor type ;
+---------------------------+------------------+-----------+------------+----------------+
; Analysis & Synthesis      ; DOUG-NOTEBOOK    ; Windows 7 ; 6.2        ; x86_64         ;
; Fitter                    ; DOUG-NOTEBOOK    ; Windows 7 ; 6.2        ; x86_64         ;
; Assembler                 ; DOUG-NOTEBOOK    ; Windows 7 ; 6.2        ; x86_64         ;
; TimeQuest Timing Analyzer ; DOUG-NOTEBOOK    ; Windows 7 ; 6.2        ; x86_64         ;
+---------------------------+------------------+-----------+------------+----------------+


------------
; Flow Log ;
------------
quartus_map --read_settings_files=on --write_settings_files=off FPGAImplementation -c FPGAImplementation
quartus_fit --read_settings_files=off --write_settings_files=off FPGAImplementation -c FPGAImplementation
quartus_asm --read_settings_files=off --write_settings_files=off FPGAImplementation -c FPGAImplementation
quartus_sta FPGAImplementation -c FPGAImplementation



