Analysis & Synthesis report for FPGAImplementation
Tue Sep 05 23:26:56 2023
Quartus II 64-Bit Version 13.1.0 Build 162 10/23/2013 SJ Web Edition


---------------------
; Table of Contents ;
---------------------
  1. Legal Notice
  2. Analysis & Synthesis Summary
  3. Analysis & Synthesis Settings
  4. Parallel Compilation
  5. Analysis & Synthesis Source Files Read
  6. Analysis & Synthesis Resource Usage Summary
  7. Analysis & Synthesis Resource Utilization by Entity
  8. State Machine - |FPGAImplementation|uart_tx:ENVIA_DADOS|estadoAtual
  9. State Machine - |FPGAImplementation|conexao_sensor:inst|current_state
 10. State Machine - |FPGAImplementation|conexao_sensor:inst|DHT11_communication:TROCA_DADOS_DHT11|current_state
 11. State Machine - |FPGAImplementation|uart_rx:RECEBE_DADOS|estadoAtual
 12. User-Specified and Inferred Latches
 13. Registers Removed During Synthesis
 14. General Register Statistics
 15. Inverted Register Statistics
 16. Multiplexer Restructuring Statistics (Restructuring Performed)
 17. Parameter Settings for User Entity Instance: uart_rx:RECEBE_DADOS
 18. Parameter Settings for User Entity Instance: conexao_sensor:inst|DHT11_communication:TROCA_DADOS_DHT11
 19. Parameter Settings for User Entity Instance: uart_tx:ENVIA_DADOS
 20. Port Connectivity Checks: "conexao_sensor:inst|DHT11_communication:TROCA_DADOS_DHT11"
 21. Port Connectivity Checks: "conexao_sensor:inst"
 22. Elapsed Time Per Partition
 23. Analysis & Synthesis Messages
 24. Analysis & Synthesis Suppressed Messages



----------------
; Legal Notice ;
----------------
Copyright (C) 1991-2013 Altera Corporation
Your use of Altera Corporation's design tools, logic functions 
and other software and tools, and its AMPP partner logic 
functions, and any output files from any of the foregoing 
(including device programming or simulation files), and any 
associated documentation or information are expressly subject 
to the terms and conditions of the Altera Program License 
Subscription Agreement, Altera MegaCore Function License 
Agreement, or other applicable license agreement, including, 
without limitation, that your use is for the sole purpose of 
programming logic devices manufactured by Altera and sold by 
Altera or its authorized distributors.  Please refer to the 
applicable agreement for further details.



+------------------------------------------------------------------------------+
; Analysis & Synthesis Summary                                                 ;
+---------------------------------+--------------------------------------------+
; Analysis & Synthesis Status     ; Successful - Tue Sep 05 23:26:56 2023      ;
; Quartus II 64-Bit Version       ; 13.1.0 Build 162 10/23/2013 SJ Web Edition ;
; Revision Name                   ; FPGAImplementation                         ;
; Top-level Entity Name           ; FPGAImplementation                         ;
; Family                          ; Cyclone V                                  ;
; Logic utilization (in ALMs)     ; N/A                                        ;
; Total registers                 ; 208                                        ;
; Total pins                      ; 14                                         ;
; Total virtual pins              ; 0                                          ;
; Total block memory bits         ; 0                                          ;
; Total DSP Blocks                ; 0                                          ;
; Total HSSI RX PCSs              ; 0                                          ;
; Total HSSI PMA RX Deserializers ; 0                                          ;
; Total HSSI TX PCSs              ; 0                                          ;
; Total HSSI TX Channels          ; 0                                          ;
; Total PLLs                      ; 0                                          ;
; Total DLLs                      ; 0                                          ;
+---------------------------------+--------------------------------------------+


+---------------------------------------------------------------------------------------------------------------------------+
; Analysis & Synthesis Settings                                                                                             ;
+---------------------------------------------------------------------------------+--------------------+--------------------+
; Option                                                                          ; Setting            ; Default Value      ;
+---------------------------------------------------------------------------------+--------------------+--------------------+
; Device                                                                          ; 5CGXFC7C7F23C8     ;                    ;
; Top-level entity name                                                           ; FPGAImplementation ; FPGAImplementation ;
; Family name                                                                     ; Cyclone V          ; Cyclone IV GX      ;
; Use smart compilation                                                           ; Off                ; Off                ;
; Enable parallel Assembler and TimeQuest Timing Analyzer during compilation      ; On                 ; On                 ;
; Enable compact report table                                                     ; Off                ; Off                ;
; Restructure Multiplexers                                                        ; Auto               ; Auto               ;
; MLAB Add Timing Constraints For Mixed-Port Feed-Through Mode Setting Don't Care ; Off                ; Off                ;
; Create Debugging Nodes for IP Cores                                             ; Off                ; Off                ;
; Preserve fewer node names                                                       ; On                 ; On                 ;
; Disable OpenCore Plus hardware evaluation                                       ; Off                ; Off                ;
; Verilog Version                                                                 ; Verilog_2001       ; Verilog_2001       ;
; VHDL Version                                                                    ; VHDL_1993          ; VHDL_1993          ;
; State Machine Processing                                                        ; Auto               ; Auto               ;
; Safe State Machine                                                              ; Off                ; Off                ;
; Extract Verilog State Machines                                                  ; On                 ; On                 ;
; Extract VHDL State Machines                                                     ; On                 ; On                 ;
; Ignore Verilog initial constructs                                               ; Off                ; Off                ;
; Iteration limit for constant Verilog loops                                      ; 5000               ; 5000               ;
; Iteration limit for non-constant Verilog loops                                  ; 250                ; 250                ;
; Add Pass-Through Logic to Inferred RAMs                                         ; On                 ; On                 ;
; Infer RAMs from Raw Logic                                                       ; On                 ; On                 ;
; Parallel Synthesis                                                              ; On                 ; On                 ;
; DSP Block Balancing                                                             ; Auto               ; Auto               ;
; NOT Gate Push-Back                                                              ; On                 ; On                 ;
; Power-Up Don't Care                                                             ; On                 ; On                 ;
; Remove Redundant Logic Cells                                                    ; Off                ; Off                ;
; Remove Duplicate Registers                                                      ; On                 ; On                 ;
; Ignore CARRY Buffers                                                            ; Off                ; Off                ;
; Ignore CASCADE Buffers                                                          ; Off                ; Off                ;
; Ignore GLOBAL Buffers                                                           ; Off                ; Off                ;
; Ignore ROW GLOBAL Buffers                                                       ; Off                ; Off                ;
; Ignore LCELL Buffers                                                            ; Off                ; Off                ;
; Ignore SOFT Buffers                                                             ; On                 ; On                 ;
; Limit AHDL Integers to 32 Bits                                                  ; Off                ; Off                ;
; Optimization Technique                                                          ; Balanced           ; Balanced           ;
; Carry Chain Length                                                              ; 70                 ; 70                 ;
; Auto Carry Chains                                                               ; On                 ; On                 ;
; Auto Open-Drain Pins                                                            ; On                 ; On                 ;
; Perform WYSIWYG Primitive Resynthesis                                           ; Off                ; Off                ;
; Auto ROM Replacement                                                            ; On                 ; On                 ;
; Auto RAM Replacement                                                            ; On                 ; On                 ;
; Auto DSP Block Replacement                                                      ; On                 ; On                 ;
; Auto Shift Register Replacement                                                 ; Auto               ; Auto               ;
; Allow Shift Register Merging across Hierarchies                                 ; Auto               ; Auto               ;
; Auto Clock Enable Replacement                                                   ; On                 ; On                 ;
; Strict RAM Replacement                                                          ; Off                ; Off                ;
; Allow Synchronous Control Signals                                               ; On                 ; On                 ;
; Force Use of Synchronous Clear Signals                                          ; Off                ; Off                ;
; Auto Resource Sharing                                                           ; Off                ; Off                ;
; Allow Any RAM Size For Recognition                                              ; Off                ; Off                ;
; Allow Any ROM Size For Recognition                                              ; Off                ; Off                ;
; Allow Any Shift Register Size For Recognition                                   ; Off                ; Off                ;
; Use LogicLock Constraints during Resource Balancing                             ; On                 ; On                 ;
; Ignore translate_off and synthesis_off directives                               ; Off                ; Off                ;
; Timing-Driven Synthesis                                                         ; On                 ; On                 ;
; Report Parameter Settings                                                       ; On                 ; On                 ;
; Report Source Assignments                                                       ; On                 ; On                 ;
; Report Connectivity Checks                                                      ; On                 ; On                 ;
; Ignore Maximum Fan-Out Assignments                                              ; Off                ; Off                ;
; Synchronization Register Chain Length                                           ; 3                  ; 3                  ;
; PowerPlay Power Optimization                                                    ; Normal compilation ; Normal compilation ;
; HDL message level                                                               ; Level2             ; Level2             ;
; Suppress Register Optimization Related Messages                                 ; Off                ; Off                ;
; Number of Removed Registers Reported in Synthesis Report                        ; 5000               ; 5000               ;
; Number of Swept Nodes Reported in Synthesis Report                              ; 5000               ; 5000               ;
; Number of Inverted Registers Reported in Synthesis Report                       ; 100                ; 100                ;
; Clock MUX Protection                                                            ; On                 ; On                 ;
; Auto Gated Clock Conversion                                                     ; Off                ; Off                ;
; Block Design Naming                                                             ; Auto               ; Auto               ;
; SDC constraint protection                                                       ; Off                ; Off                ;
; Synthesis Effort                                                                ; Auto               ; Auto               ;
; Shift Register Replacement - Allow Asynchronous Clear Signal                    ; On                 ; On                 ;
; Pre-Mapping Resynthesis Optimization                                            ; Off                ; Off                ;
; Analysis & Synthesis Message Level                                              ; Medium             ; Medium             ;
; Disable Register Merging Across Hierarchies                                     ; Auto               ; Auto               ;
; Resource Aware Inference For Block RAM                                          ; On                 ; On                 ;
; Synthesis Seed                                                                  ; 1                  ; 1                  ;
; Automatic Parallel Synthesis                                                    ; On                 ; On                 ;
+---------------------------------------------------------------------------------+--------------------+--------------------+


+------------------------------------------+
; Parallel Compilation                     ;
+----------------------------+-------------+
; Processors                 ; Number      ;
+----------------------------+-------------+
; Number detected on machine ; 8           ;
; Maximum allowed            ; 4           ;
;                            ;             ;
; Average used               ; 1.00        ;
; Maximum used               ; 1           ;
;                            ;             ;
; Usage by Processor         ; % Time Used ;
;     Processor 1            ; 100.0%      ;
;     Processors 2-8         ;   0.0%      ;
+----------------------------+-------------+


+---------------------------------------------------------------------------------------------------------------------------------------------------------------------------------------------------------------------------+
; Analysis & Synthesis Source Files Read                                                                                                                                                                                    ;
+----------------------------------+-----------------+------------------------+-----------------------------------------------------------------------------------------------------------------------------------+---------+
; File Name with User-Entered Path ; Used in Netlist ; File Type              ; File Name with Absolute Path                                                                                                      ; Library ;
+----------------------------------+-----------------+------------------------+-----------------------------------------------------------------------------------------------------------------------------------+---------+
; modules/uart_tx.v                ; yes             ; User Verilog HDL File  ; C:/Users/douge/Desktop/UEFS/SEMESTRE_4/Sistemas_Digitais/interface-entrada-saida/fpgaImplementation/modules/uart_tx.v             ;         ;
; modules/uart_rx.v                ; yes             ; User Verilog HDL File  ; C:/Users/douge/Desktop/UEFS/SEMESTRE_4/Sistemas_Digitais/interface-entrada-saida/fpgaImplementation/modules/uart_rx.v             ;         ;
; modules/tri_state.v              ; yes             ; User Verilog HDL File  ; C:/Users/douge/Desktop/UEFS/SEMESTRE_4/Sistemas_Digitais/interface-entrada-saida/fpgaImplementation/modules/tri_state.v           ;         ;
; modules/FPGAImplementation.v     ; yes             ; User Verilog HDL File  ; C:/Users/douge/Desktop/UEFS/SEMESTRE_4/Sistemas_Digitais/interface-entrada-saida/fpgaImplementation/modules/FPGAImplementation.v  ;         ;
; modules/DHT11_communication.v    ; yes             ; User Verilog HDL File  ; C:/Users/douge/Desktop/UEFS/SEMESTRE_4/Sistemas_Digitais/interface-entrada-saida/fpgaImplementation/modules/DHT11_communication.v ;         ;
; modules/decoder.v                ; yes             ; User Verilog HDL File  ; C:/Users/douge/Desktop/UEFS/SEMESTRE_4/Sistemas_Digitais/interface-entrada-saida/fpgaImplementation/modules/decoder.v             ;         ;
; modules/conexao_sensor.v         ; yes             ; User Verilog HDL File  ; C:/Users/douge/Desktop/UEFS/SEMESTRE_4/Sistemas_Digitais/interface-entrada-saida/fpgaImplementation/modules/conexao_sensor.v      ;         ;
+----------------------------------+-----------------+------------------------+-----------------------------------------------------------------------------------------------------------------------------------+---------+


+-----------------------------------------------------------+
; Analysis & Synthesis Resource Usage Summary               ;
+---------------------------------------------+-------------+
; Resource                                    ; Usage       ;
+---------------------------------------------+-------------+
; Estimate of Logic utilization (ALMs needed) ; 259         ;
;                                             ;             ;
; Combinational ALUT usage for logic          ; 366         ;
;     -- 7 input functions                    ; 5           ;
;     -- 6 input functions                    ; 136         ;
;     -- 5 input functions                    ; 40          ;
;     -- 4 input functions                    ; 54          ;
;     -- <=3 input functions                  ; 131         ;
;                                             ;             ;
; Dedicated logic registers                   ; 208         ;
;                                             ;             ;
; I/O pins                                    ; 14          ;
; Total DSP Blocks                            ; 0           ;
; Maximum fan-out node                        ; clock~input ;
; Maximum fan-out                             ; 208         ;
; Total fan-out                               ; 2327        ;
; Average fan-out                             ; 3.86        ;
+---------------------------------------------+-------------+


+------------------------------------------------------------------------------------------------------------------------------------------------------------------------------------------------------------------------------------------------------+
; Analysis & Synthesis Resource Utilization by Entity                                                                                                                                                                                                  ;
+-----------------------------------------------+-------------------+--------------+-------------------+------------+------+--------------+---------------------------------------------------------------------------------------------+--------------+
; Compilation Hierarchy Node                    ; LC Combinationals ; LC Registers ; Block Memory Bits ; DSP Blocks ; Pins ; Virtual Pins ; Full Hierarchy Name                                                                         ; Library Name ;
+-----------------------------------------------+-------------------+--------------+-------------------+------------+------+--------------+---------------------------------------------------------------------------------------------+--------------+
; |FPGAImplementation                           ; 366 (0)           ; 208 (0)      ; 0                 ; 0          ; 14   ; 0            ; |FPGAImplementation                                                                         ; work         ;
;    |conexao_sensor:inst|                      ; 279 (99)          ; 126 (37)     ; 0                 ; 0          ; 0    ; 0            ; |FPGAImplementation|conexao_sensor:inst                                                     ; work         ;
;       |DHT11_communication:TROCA_DADOS_DHT11| ; 180 (179)         ; 89 (89)      ; 0                 ; 0          ; 0    ; 0            ; |FPGAImplementation|conexao_sensor:inst|DHT11_communication:TROCA_DADOS_DHT11               ; work         ;
;          |tri_state:TS0|                      ; 1 (1)             ; 0 (0)        ; 0                 ; 0          ; 0    ; 0            ; |FPGAImplementation|conexao_sensor:inst|DHT11_communication:TROCA_DADOS_DHT11|tri_state:TS0 ; work         ;
;    |decoder:EXIBE_DISPLAY|                    ; 7 (7)             ; 0 (0)        ; 0                 ; 0          ; 0    ; 0            ; |FPGAImplementation|decoder:EXIBE_DISPLAY                                                   ; work         ;
;    |uart_rx:RECEBE_DADOS|                     ; 47 (47)           ; 49 (49)      ; 0                 ; 0          ; 0    ; 0            ; |FPGAImplementation|uart_rx:RECEBE_DADOS                                                    ; work         ;
;    |uart_tx:ENVIA_DADOS|                      ; 33 (33)           ; 33 (33)      ; 0                 ; 0          ; 0    ; 0            ; |FPGAImplementation|uart_tx:ENVIA_DADOS                                                     ; work         ;
+-----------------------------------------------+-------------------+--------------+-------------------+------------+------+--------------+---------------------------------------------------------------------------------------------+--------------+
Note: For table entries with two numbers listed, the numbers in parentheses indicate the number of resources of the given type used by the specific entity alone. The numbers listed outside of parentheses indicate the total resources of the given type used by the specific entity and all of its sub-entities in the hierarchy.


Encoding Type:  One-Hot
+-------------------------------------------------------------------------------------------------------------------------------------------------------------------------------------+
; State Machine - |FPGAImplementation|uart_tx:ENVIA_DADOS|estadoAtual                                                                                                                 ;
+----------------------------------+---------------------------------+-----------------------------+----------------------------------+-----------------+-----------------------------+
; Name                             ; estadoAtual.estadoEnviaBitFinal ; estadoAtual.estadoEnviaBits ; estadoAtual.estadoEnviaBitInicio ; estadoAtual.000 ; estadoAtual.estadoDeLimpeza ;
+----------------------------------+---------------------------------+-----------------------------+----------------------------------+-----------------+-----------------------------+
; estadoAtual.000                  ; 0                               ; 0                           ; 0                                ; 0               ; 0                           ;
; estadoAtual.estadoEnviaBitInicio ; 0                               ; 0                           ; 1                                ; 1               ; 0                           ;
; estadoAtual.estadoEnviaBits      ; 0                               ; 1                           ; 0                                ; 1               ; 0                           ;
; estadoAtual.estadoEnviaBitFinal  ; 1                               ; 0                           ; 0                                ; 1               ; 0                           ;
; estadoAtual.estadoDeLimpeza      ; 0                               ; 0                           ; 0                                ; 1               ; 1                           ;
+----------------------------------+---------------------------------+-----------------------------+----------------------------------+-----------------+-----------------------------+


Encoding Type:  One-Hot
+--------------------------------------------------------------------------------------------------------------------------------------+
; State Machine - |FPGAImplementation|conexao_sensor:inst|current_state                                                                ;
+-----------------------+--------------------+---------------------+-----------------------+----------------------+--------------------+
; Name                  ; current_state.STOP ; current_state.ENVIO ; current_state.LEITURA ; current_state.ESPERA ; current_state.LOOP ;
+-----------------------+--------------------+---------------------+-----------------------+----------------------+--------------------+
; current_state.ESPERA  ; 0                  ; 0                   ; 0                     ; 0                    ; 0                  ;
; current_state.LEITURA ; 0                  ; 0                   ; 1                     ; 1                    ; 0                  ;
; current_state.ENVIO   ; 0                  ; 1                   ; 0                     ; 1                    ; 0                  ;
; current_state.STOP    ; 1                  ; 0                   ; 0                     ; 1                    ; 0                  ;
; current_state.LOOP    ; 0                  ; 0                   ; 0                     ; 1                    ; 1                  ;
+-----------------------+--------------------+---------------------+-----------------------+----------------------+--------------------+


Encoding Type:  One-Hot
+--------------------------------------------------------------------------------------------------------------------------------------------------------------------------------------------------------------------------------------------------------------+
; State Machine - |FPGAImplementation|conexao_sensor:inst|DHT11_communication:TROCA_DADOS_DHT11|current_state                                                                                                                                                  ;
+---------------------+---------------------+------------------+------------------+------------------+------------------+------------------+------------------+------------------+------------------+------------------+------------------+--------------------+
; Name                ; current_state.START ; current_state.S9 ; current_state.S8 ; current_state.S7 ; current_state.S6 ; current_state.S5 ; current_state.S4 ; current_state.S3 ; current_state.S2 ; current_state.S1 ; current_state.S0 ; current_state.STOP ;
+---------------------+---------------------+------------------+------------------+------------------+------------------+------------------+------------------+------------------+------------------+------------------+------------------+--------------------+
; current_state.STOP  ; 0                   ; 0                ; 0                ; 0                ; 0                ; 0                ; 0                ; 0                ; 0                ; 0                ; 0                ; 0                  ;
; current_state.S0    ; 0                   ; 0                ; 0                ; 0                ; 0                ; 0                ; 0                ; 0                ; 0                ; 0                ; 1                ; 1                  ;
; current_state.S1    ; 0                   ; 0                ; 0                ; 0                ; 0                ; 0                ; 0                ; 0                ; 0                ; 1                ; 0                ; 1                  ;
; current_state.S2    ; 0                   ; 0                ; 0                ; 0                ; 0                ; 0                ; 0                ; 0                ; 1                ; 0                ; 0                ; 1                  ;
; current_state.S3    ; 0                   ; 0                ; 0                ; 0                ; 0                ; 0                ; 0                ; 1                ; 0                ; 0                ; 0                ; 1                  ;
; current_state.S4    ; 0                   ; 0                ; 0                ; 0                ; 0                ; 0                ; 1                ; 0                ; 0                ; 0                ; 0                ; 1                  ;
; current_state.S5    ; 0                   ; 0                ; 0                ; 0                ; 0                ; 1                ; 0                ; 0                ; 0                ; 0                ; 0                ; 1                  ;
; current_state.S6    ; 0                   ; 0                ; 0                ; 0                ; 1                ; 0                ; 0                ; 0                ; 0                ; 0                ; 0                ; 1                  ;
; current_state.S7    ; 0                   ; 0                ; 0                ; 1                ; 0                ; 0                ; 0                ; 0                ; 0                ; 0                ; 0                ; 1                  ;
; current_state.S8    ; 0                   ; 0                ; 1                ; 0                ; 0                ; 0                ; 0                ; 0                ; 0                ; 0                ; 0                ; 1                  ;
; current_state.S9    ; 0                   ; 1                ; 0                ; 0                ; 0                ; 0                ; 0                ; 0                ; 0                ; 0                ; 0                ; 1                  ;
; current_state.START ; 1                   ; 0                ; 0                ; 0                ; 0                ; 0                ; 0                ; 0                ; 0                ; 0                ; 0                ; 1                  ;
+---------------------+---------------------+------------------+------------------+------------------+------------------+------------------+------------------+------------------+------------------+------------------+------------------+--------------------+


Encoding Type:  One-Hot
+----------------------------------------------------------------------------------------------------------------------------------------------------------------------------------------+
; State Machine - |FPGAImplementation|uart_rx:RECEBE_DADOS|estadoAtual                                                                                                                   ;
+-------------------------------------+---------------------------+--------------------------------+-------------------------------------+-----------------+-----------------------------+
; Name                                ; estadoAtual.estadoStopBit ; estadoAtual.estadoDeEsperaBits ; estadoAtual.estadoVerificaBitInicio ; estadoAtual.000 ; estadoAtual.estadoDeLimpeza ;
+-------------------------------------+---------------------------+--------------------------------+-------------------------------------+-----------------+-----------------------------+
; estadoAtual.000                     ; 0                         ; 0                              ; 0                                   ; 0               ; 0                           ;
; estadoAtual.estadoVerificaBitInicio ; 0                         ; 0                              ; 1                                   ; 1               ; 0                           ;
; estadoAtual.estadoDeEsperaBits      ; 0                         ; 1                              ; 0                                   ; 1               ; 0                           ;
; estadoAtual.estadoStopBit           ; 1                         ; 0                              ; 0                                   ; 1               ; 0                           ;
; estadoAtual.estadoDeLimpeza         ; 0                         ; 0                              ; 0                                   ; 1               ; 1                           ;
+-------------------------------------+---------------------------+--------------------------------+-------------------------------------+-----------------+-----------------------------+


+-----------------------------------------------------------------------------------------------------------------------------+
; User-Specified and Inferred Latches                                                                                         ;
+----------------------------------------------------+-----------------------------------------------+------------------------+
; Latch Name                                         ; Latch Enable Signal                           ; Free of Timing Hazards ;
+----------------------------------------------------+-----------------------------------------------+------------------------+
; decoder:EXIBE_DISPLAY|display[0]                   ; conexao_sensor:inst|dadosPodemSerEnviados_reg ; yes                    ;
; decoder:EXIBE_DISPLAY|display[1]                   ; conexao_sensor:inst|dadosPodemSerEnviados_reg ; yes                    ;
; decoder:EXIBE_DISPLAY|display[2]                   ; conexao_sensor:inst|dadosPodemSerEnviados_reg ; yes                    ;
; decoder:EXIBE_DISPLAY|display[4]                   ; conexao_sensor:inst|dadosPodemSerEnviados_reg ; yes                    ;
; decoder:EXIBE_DISPLAY|display[5]                   ; conexao_sensor:inst|dadosPodemSerEnviados_reg ; yes                    ;
; decoder:EXIBE_DISPLAY|display[6]                   ; conexao_sensor:inst|dadosPodemSerEnviados_reg ; yes                    ;
; Number of user-specified and inferred latches = 6  ;                                               ;                        ;
+----------------------------------------------------+-----------------------------------------------+------------------------+
Note: All latches listed above may not be present at the end of synthesis due to various synthesis optimizations.


+--------------------------------------------------------------------------------------------------------------------------------------+
; Registers Removed During Synthesis                                                                                                   ;
+----------------------------------------------------------------------------+---------------------------------------------------------+
; Register name                                                              ; Reason for Removal                                      ;
+----------------------------------------------------------------------------+---------------------------------------------------------+
; uart_tx:ENVIA_DADOS|segundaVez                                             ; Merged with uart_tx:ENVIA_DADOS|jaFoiOPrimeiro          ;
; conexao_sensor:inst|response_command_reg[7]                                ; Merged with conexao_sensor:inst|response_command_reg[5] ;
; conexao_sensor:inst|command_data[7]                                        ; Merged with conexao_sensor:inst|command_data[5]         ;
; conexao_sensor:inst|command_data[6]                                        ; Stuck at GND due to stuck port data_in                  ;
; uart_tx:ENVIA_DADOS|estadoAtual~2                                          ; Lost fanout                                             ;
; uart_tx:ENVIA_DADOS|estadoAtual~3                                          ; Lost fanout                                             ;
; conexao_sensor:inst|current_state~4                                        ; Lost fanout                                             ;
; conexao_sensor:inst|current_state~5                                        ; Lost fanout                                             ;
; conexao_sensor:inst|DHT11_communication:TROCA_DADOS_DHT11|current_state~14 ; Lost fanout                                             ;
; conexao_sensor:inst|DHT11_communication:TROCA_DADOS_DHT11|current_state~15 ; Lost fanout                                             ;
; conexao_sensor:inst|DHT11_communication:TROCA_DADOS_DHT11|current_state~16 ; Lost fanout                                             ;
; conexao_sensor:inst|DHT11_communication:TROCA_DADOS_DHT11|current_state~17 ; Lost fanout                                             ;
; uart_rx:RECEBE_DADOS|estadoAtual~2                                         ; Lost fanout                                             ;
; uart_rx:RECEBE_DADOS|estadoAtual~3                                         ; Lost fanout                                             ;
; Total Number of Removed Registers = 14                                     ;                                                         ;
+----------------------------------------------------------------------------+---------------------------------------------------------+


+------------------------------------------------------+
; General Register Statistics                          ;
+----------------------------------------------+-------+
; Statistic                                    ; Value ;
+----------------------------------------------+-------+
; Total registers                              ; 208   ;
; Number of registers using Synchronous Clear  ; 103   ;
; Number of registers using Synchronous Load   ; 10    ;
; Number of registers using Asynchronous Clear ; 0     ;
; Number of registers using Asynchronous Load  ; 0     ;
; Number of registers using Clock Enable       ; 171   ;
; Number of registers using Preset             ; 0     ;
+----------------------------------------------+-------+


+------------------------------------------------------+
; Inverted Register Statistics                         ;
+--------------------------------------------+---------+
; Inverted Register                          ; Fan out ;
+--------------------------------------------+---------+
; uart_rx:RECEBE_DADOS|serialDeEntrada       ; 12      ;
; uart_rx:RECEBE_DADOS|serialDeEntradaBuffer ; 1       ;
; Total number of inverted registers = 2     ;         ;
+--------------------------------------------+---------+


+-----------------------------------------------------------------------------------------------------------------------------------------------------------------------------------------------------------+
; Multiplexer Restructuring Statistics (Restructuring Performed)                                                                                                                                            ;
+--------------------+-----------+---------------+----------------------+------------------------+------------+---------------------------------------------------------------------------------------------+
; Multiplexer Inputs ; Bus Width ; Baseline Area ; Area if Restructured ; Saving if Restructured ; Registered ; Example Multiplexer Output                                                                  ;
+--------------------+-----------+---------------+----------------------+------------------------+------------+---------------------------------------------------------------------------------------------+
; 4:1                ; 4 bits    ; 8 LEs         ; 4 LEs                ; 4 LEs                  ; Yes        ; |FPGAImplementation|conexao_sensor:inst|response_command_reg[5]                             ;
; 6:1                ; 8 bits    ; 32 LEs        ; 16 LEs               ; 16 LEs                 ; Yes        ; |FPGAImplementation|conexao_sensor:inst|response_value_reg[1]                               ;
; 4:1                ; 13 bits   ; 26 LEs        ; 0 LEs                ; 26 LEs                 ; Yes        ; |FPGAImplementation|uart_tx:ENVIA_DADOS|contadorDeClock[3]                                  ;
; 7:1                ; 6 bits    ; 24 LEs        ; 12 LEs               ; 12 LEs                 ; Yes        ; |FPGAImplementation|conexao_sensor:inst|DHT11_communication:TROCA_DADOS_DHT11|index[0]      ;
; 7:1                ; 13 bits   ; 52 LEs        ; 0 LEs                ; 52 LEs                 ; Yes        ; |FPGAImplementation|uart_rx:RECEBE_DADOS|contadorDeClock[4]                                 ;
; 259:1              ; 3 bits    ; 516 LEs       ; 24 LEs               ; 492 LEs                ; Yes        ; |FPGAImplementation|conexao_sensor:inst|command_data[2]                                     ;
; 259:1              ; 3 bits    ; 516 LEs       ; 24 LEs               ; 492 LEs                ; Yes        ; |FPGAImplementation|conexao_sensor:inst|value_data[0]                                       ;
; 259:1              ; 3 bits    ; 516 LEs       ; 24 LEs               ; 492 LEs                ; Yes        ; |FPGAImplementation|conexao_sensor:inst|value_data[7]                                       ;
; 14:1               ; 2 bits    ; 18 LEs        ; 14 LEs               ; 4 LEs                  ; Yes        ; |FPGAImplementation|conexao_sensor:inst|command_data[4]                                     ;
; 24:1               ; 2 bits    ; 32 LEs        ; 28 LEs               ; 4 LEs                  ; Yes        ; |FPGAImplementation|conexao_sensor:inst|value_data[4]                                       ;
; 22:1               ; 26 bits   ; 364 LEs       ; 0 LEs                ; 364 LEs                ; Yes        ; |FPGAImplementation|conexao_sensor:inst|DHT11_communication:TROCA_DADOS_DHT11|counter[6]    ;
; 3:1                ; 3 bits    ; 6 LEs         ; 6 LEs                ; 0 LEs                  ; No         ; |FPGAImplementation|conexao_sensor:inst|DHT11_communication:TROCA_DADOS_DHT11|current_state ;
; 3:1                ; 3 bits    ; 6 LEs         ; 6 LEs                ; 0 LEs                  ; No         ; |FPGAImplementation|uart_tx:ENVIA_DADOS|indiceDoBitTransmitido                              ;
; 3:1                ; 3 bits    ; 6 LEs         ; 6 LEs                ; 0 LEs                  ; No         ; |FPGAImplementation|uart_rx:RECEBE_DADOS|indiceDoBit                                        ;
; 6:1                ; 2 bits    ; 8 LEs         ; 8 LEs                ; 0 LEs                  ; No         ; |FPGAImplementation|conexao_sensor:inst|Selector10                                          ;
+--------------------+-----------+---------------+----------------------+------------------------+------------+---------------------------------------------------------------------------------------------+


+-------------------------------------------------------------------+
; Parameter Settings for User Entity Instance: uart_rx:RECEBE_DADOS ;
+----------------+-------+------------------------------------------+
; Parameter Name ; Value ; Type                                     ;
+----------------+-------+------------------------------------------+
; CLOCKS_POR_BIT ; 5209  ; Signed Integer                           ;
+----------------+-------+------------------------------------------+
Note: In order to hide this table in the UI and the text report file, please set the "Show Parameter Settings in Synthesis Report" option in "Analysis and Synthesis Settings -> More Settings" to "Off".


+--------------------------------------------------------------------------------------------------------+
; Parameter Settings for User Entity Instance: conexao_sensor:inst|DHT11_communication:TROCA_DADOS_DHT11 ;
+----------------+-------+-------------------------------------------------------------------------------+
; Parameter Name ; Value ; Type                                                                          ;
+----------------+-------+-------------------------------------------------------------------------------+
; S0             ; 1     ; Signed Integer                                                                ;
; S1             ; 2     ; Signed Integer                                                                ;
; S2             ; 3     ; Signed Integer                                                                ;
; S3             ; 4     ; Signed Integer                                                                ;
; S4             ; 5     ; Signed Integer                                                                ;
; S5             ; 6     ; Signed Integer                                                                ;
; S6             ; 7     ; Signed Integer                                                                ;
; S7             ; 8     ; Signed Integer                                                                ;
; S8             ; 9     ; Signed Integer                                                                ;
; S9             ; 10    ; Signed Integer                                                                ;
; STOP           ; 0     ; Signed Integer                                                                ;
; START          ; 11    ; Signed Integer                                                                ;
+----------------+-------+-------------------------------------------------------------------------------+
Note: In order to hide this table in the UI and the text report file, please set the "Show Parameter Settings in Synthesis Report" option in "Analysis and Synthesis Settings -> More Settings" to "Off".


+------------------------------------------------------------------+
; Parameter Settings for User Entity Instance: uart_tx:ENVIA_DADOS ;
+----------------+-------+-----------------------------------------+
; Parameter Name ; Value ; Type                                    ;
+----------------+-------+-----------------------------------------+
; CLOKS_POR_BIT  ; 5209  ; Signed Integer                          ;
+----------------+-------+-----------------------------------------+
Note: In order to hide this table in the UI and the text report file, please set the "Show Parameter Settings in Synthesis Report" option in "Analysis and Synthesis Settings -> More Settings" to "Off".


+---------------------------------------------------------------------------------------+
; Port Connectivity Checks: "conexao_sensor:inst|DHT11_communication:TROCA_DADOS_DHT11" ;
+--------------------+-------+----------+-----------------------------------------------+
; Port               ; Type  ; Severity ; Details                                       ;
+--------------------+-------+----------+-----------------------------------------------+
; this_address[7..1] ; Input ; Info     ; Stuck at GND                                  ;
; this_address[0]    ; Input ; Info     ; Stuck at VCC                                  ;
+--------------------+-------+----------+-----------------------------------------------+


+---------------------------------------------------------+
; Port Connectivity Checks: "conexao_sensor:inst"         ;
+-----------------------+-------+----------+--------------+
; Port                  ; Type  ; Severity ; Details      ;
+-----------------------+-------+----------+--------------+
; request_address[7..1] ; Input ; Info     ; Stuck at GND ;
; request_address[0]    ; Input ; Info     ; Stuck at VCC ;
+-----------------------+-------+----------+--------------+


+-------------------------------+
; Elapsed Time Per Partition    ;
+----------------+--------------+
; Partition Name ; Elapsed Time ;
+----------------+--------------+
; Top            ; 00:00:03     ;
+----------------+--------------+


+-------------------------------+
; Analysis & Synthesis Messages ;
+-------------------------------+
Info: *******************************************************************
Info: Running Quartus II 64-Bit Analysis & Synthesis
    Info: Version 13.1.0 Build 162 10/23/2013 SJ Web Edition
    Info: Processing started: Tue Sep 05 23:26:51 2023
Info: Command: quartus_map --read_settings_files=on --write_settings_files=off FPGAImplementation -c FPGAImplementation
Info (11104): Parallel Compilation has detected 8 hyper-threaded processors. However, the extra hyper-threaded processors will not be used by default. Parallel Compilation will use 4 of the 4 physical processors detected instead.
Info (12021): Found 1 design units, including 1 entities, in source file modules/uart_tx.v
    Info (12023): Found entity 1: uart_tx
Info (12021): Found 1 design units, including 1 entities, in source file modules/uart_rx.v
    Info (12023): Found entity 1: uart_rx
Info (12021): Found 1 design units, including 1 entities, in source file modules/tri_state.v
    Info (12023): Found entity 1: tri_state
Info (12021): Found 1 design units, including 1 entities, in source file modules/fpgaimplementation.v
    Info (12023): Found entity 1: FPGAImplementation
Info (12021): Found 1 design units, including 1 entities, in source file modules/dht11_communication.v
    Info (12023): Found entity 1: DHT11_communication
Info (12021): Found 1 design units, including 1 entities, in source file modules/decoder.v
    Info (12023): Found entity 1: decoder
Info (12021): Found 1 design units, including 1 entities, in source file modules/conexao_sensor.v
    Info (12023): Found entity 1: conexao_sensor
Info (12127): Elaborating entity "FPGAImplementation" for the top level hierarchy
Info (12128): Elaborating entity "uart_rx" for hierarchy "uart_rx:RECEBE_DADOS"
Warning (10230): Verilog HDL assignment warning at uart_rx.v(143): truncated value with size 32 to match size of target (13)
Info (12128): Elaborating entity "conexao_sensor" for hierarchy "conexao_sensor:inst"
Info (12128): Elaborating entity "DHT11_communication" for hierarchy "conexao_sensor:inst|DHT11_communication:TROCA_DADOS_DHT11"
Info (12128): Elaborating entity "tri_state" for hierarchy "conexao_sensor:inst|DHT11_communication:TROCA_DADOS_DHT11|tri_state:TS0"
Info (12128): Elaborating entity "decoder" for hierarchy "decoder:EXIBE_DISPLAY"
Warning (10240): Verilog HDL Always Construct warning at decoder.v(10): inferring latch(es) for variable "display", which holds its previous value in one or more paths through the always construct
Info (10041): Inferred latch for "display[0]" at decoder.v(10)
Info (10041): Inferred latch for "display[1]" at decoder.v(10)
Info (10041): Inferred latch for "display[2]" at decoder.v(10)
Info (10041): Inferred latch for "display[3]" at decoder.v(10)
Info (10041): Inferred latch for "display[4]" at decoder.v(10)
Info (10041): Inferred latch for "display[5]" at decoder.v(10)
Info (10041): Inferred latch for "display[6]" at decoder.v(10)
Info (12128): Elaborating entity "uart_tx" for hierarchy "uart_tx:ENVIA_DADOS"
Warning (10230): Verilog HDL assignment warning at uart_tx.v(95): truncated value with size 32 to match size of target (13)
Warning (10230): Verilog HDL assignment warning at uart_tx.v(116): truncated value with size 32 to match size of target (13)
Warning (10230): Verilog HDL assignment warning at uart_tx.v(125): truncated value with size 32 to match size of target (3)
Warning (10230): Verilog HDL assignment warning at uart_tx.v(146): truncated value with size 32 to match size of target (13)
Warning (13046): Tri-state node(s) do not directly drive top-level pin(s)
    Warning (13047): Converted the fan-out from the tri-state buffer "conexao_sensor:inst|DHT11_communication:TROCA_DADOS_DHT11|tri_state:TS0|read" to the node "conexao_sensor:inst|DHT11_communication:TROCA_DADOS_DHT11|always0" into an OR gate
Info (13025): Duplicate LATCH primitives merged into single LATCH primitive
    Info (13026): Duplicate LATCH primitive "decoder:EXIBE_DISPLAY|display[6]" merged with LATCH primitive "decoder:EXIBE_DISPLAY|display[0]"
    Info (13026): Duplicate LATCH primitive "decoder:EXIBE_DISPLAY|display[2]" merged with LATCH primitive "decoder:EXIBE_DISPLAY|display[0]"
    Info (13026): Duplicate LATCH primitive "decoder:EXIBE_DISPLAY|display[1]" merged with LATCH primitive "decoder:EXIBE_DISPLAY|display[0]"
Warning (13024): Output pins are stuck at VCC or GND
    Warning (13410): Pin "display[3]" is stuck at GND
Info (286030): Timing-Driven Synthesis is running
Info (17049): 10 registers lost all their fanouts during netlist optimizations.
Info (144001): Generated suppressed messages file C:/Users/douge/Desktop/UEFS/SEMESTRE_4/Sistemas_Digitais/interface-entrada-saida/fpgaImplementation/FPGAImplementation.map.smsg
Info (16010): Generating hard_block partition "hard_block:auto_generated_inst"
    Info (16011): Adding 0 node(s), including 0 DDIO, 0 PLL, 0 transceiver and 0 LCELL
Info (21057): Implemented 408 device resources after synthesis - the final resource count might be different
    Info (21058): Implemented 2 input pins
    Info (21059): Implemented 11 output pins
    Info (21060): Implemented 1 bidirectional pins
    Info (21061): Implemented 394 logic cells
Info: Quartus II 64-Bit Analysis & Synthesis was successful. 0 errors, 10 warnings
    Info: Peak virtual memory: 4692 megabytes
    Info: Processing ended: Tue Sep 05 23:26:57 2023
    Info: Elapsed time: 00:00:06
    Info: Total CPU time (on all processors): 00:00:04


+------------------------------------------+
; Analysis & Synthesis Suppressed Messages ;
+------------------------------------------+
The suppressed messages can be found in C:/Users/douge/Desktop/UEFS/SEMESTRE_4/Sistemas_Digitais/interface-entrada-saida/fpgaImplementation/FPGAImplementation.map.smsg.


